Apr-20 17:12:49.348 [main] DEBUG nextflow.cli.Launcher - $> nextflow run run_pipeline.nf
Apr-20 17:12:49.402 [main] DEBUG nextflow.cli.CmdRun - N E X T F L O W  ~  version 24.10.4
Apr-20 17:12:49.414 [main] DEBUG nextflow.plugin.PluginsFacade - Setting up plugin manager > mode=prod; embedded=false; plugins-dir=/Users/putriramadani/.nextflow/plugins; core-plugins: nf-amazon@2.9.2,nf-azure@1.10.2,nf-cloudcache@0.4.2,nf-codecommit@0.2.2,nf-console@1.1.4,nf-google@1.15.3,nf-tower@1.9.3,nf-wave@1.7.4
Apr-20 17:12:49.431 [main] INFO  o.pf4j.DefaultPluginStatusProvider - Enabled plugins: []
Apr-20 17:12:49.432 [main] INFO  o.pf4j.DefaultPluginStatusProvider - Disabled plugins: []
Apr-20 17:12:49.433 [main] INFO  org.pf4j.DefaultPluginManager - PF4J version 3.12.0 in 'deployment' mode
Apr-20 17:12:49.438 [main] INFO  org.pf4j.AbstractPluginManager - No plugins
Apr-20 17:12:49.450 [main] DEBUG nextflow.config.ConfigBuilder - Found config local: /Users/putriramadani/Documents/GitHub/in-silico_neoantigen-vaccine/nextflow.config
Apr-20 17:12:49.452 [main] DEBUG nextflow.config.ConfigBuilder - Parsing config file: /Users/putriramadani/Documents/GitHub/in-silico_neoantigen-vaccine/nextflow.config
Apr-20 17:12:49.467 [main] DEBUG n.secret.LocalSecretsProvider - Secrets store: /Users/putriramadani/.nextflow/secrets/store.json
Apr-20 17:12:49.470 [main] DEBUG nextflow.secret.SecretsLoader - Discovered secrets providers: [nextflow.secret.LocalSecretsProvider@a0a9fa5] - activable => nextflow.secret.LocalSecretsProvider@a0a9fa5
Apr-20 17:12:49.475 [main] DEBUG nextflow.config.ConfigBuilder - Applying config profile: `standard`
Apr-20 17:12:49.670 [main] DEBUG nextflow.cli.CmdRun - Applied DSL=2 from script declaration
Apr-20 17:12:49.676 [main] DEBUG nextflow.cli.CmdRun - Launching `run_pipeline.nf` [dreamy_planck] DSL2 - revision: f1502d53ee
Apr-20 17:12:49.677 [main] DEBUG nextflow.plugin.PluginsFacade - Plugins default=[]
Apr-20 17:12:49.677 [main] DEBUG nextflow.plugin.PluginsFacade - Plugins resolved requirement=[]
Apr-20 17:12:49.702 [main] DEBUG nextflow.Session - Session UUID: eee37732-933a-4abc-95d2-90f89c34d190
Apr-20 17:12:49.703 [main] DEBUG nextflow.Session - Run name: dreamy_planck
Apr-20 17:12:49.703 [main] DEBUG nextflow.Session - Executor pool size: 8
Apr-20 17:12:49.706 [main] DEBUG nextflow.file.FilePorter - File porter settings maxRetries=3; maxTransfers=50; pollTimeout=null
Apr-20 17:12:49.708 [main] DEBUG nextflow.util.ThreadPoolBuilder - Creating thread pool 'FileTransfer' minSize=10; maxSize=24; workQueue=LinkedBlockingQueue[10000]; allowCoreThreadTimeout=false
Apr-20 17:12:49.723 [main] DEBUG nextflow.cli.CmdRun - 
  Version: 24.10.4 build 5934
  Created: 20-01-2025 16:47 UTC (11:47 EDT)
  System: Mac OS X 14.5
  Runtime: Groovy 4.0.23 on Java HotSpot(TM) 64-Bit Server VM 23.0.1+11-39
  Encoding: UTF-8 (UTF-8)
  Process: 7563@putri-ramadani.local [127.0.0.1]
  CPUs: 8 - Mem: 16 GB (37.3 MB) - Swap: 0 (0)
Apr-20 17:12:49.730 [main] DEBUG nextflow.Session - Work-dir: /Users/putriramadani/Documents/GitHub/in-silico_neoantigen-vaccine/work [Mac OS X]
Apr-20 17:12:49.730 [main] DEBUG nextflow.Session - Script base path does not exist or is not a directory: /Users/putriramadani/Documents/GitHub/in-silico_neoantigen-vaccine/bin
Apr-20 17:12:49.735 [main] DEBUG nextflow.executor.ExecutorFactory - Extension executors providers=[]
Apr-20 17:12:49.740 [main] DEBUG nextflow.Session - Observer factory: DefaultObserverFactory
Apr-20 17:12:49.750 [main] DEBUG nextflow.cache.CacheFactory - Using Nextflow cache factory: nextflow.cache.DefaultCacheFactory
Apr-20 17:12:49.753 [main] DEBUG nextflow.util.CustomThreadPool - Creating default thread pool > poolSize: 9; maxThreads: 1000
Apr-20 17:12:49.774 [main] DEBUG nextflow.Session - Session start
Apr-20 17:12:49.868 [main] DEBUG nextflow.script.ScriptRunner - > Launching execution
Apr-20 17:12:49.922 [main] DEBUG nextflow.executor.ExecutorFactory - << taskConfig executor: null
Apr-20 17:12:49.922 [main] DEBUG nextflow.executor.ExecutorFactory - >> processorType: 'local'
Apr-20 17:12:49.925 [main] DEBUG nextflow.executor.Executor - [warm up] executor > local
Apr-20 17:12:49.927 [main] DEBUG n.processor.LocalPollingMonitor - Creating local task monitor for executor 'local' > cpus=8; memory=16 GB; capacity=8; pollInterval=100ms; dumpInterval=5m
Apr-20 17:12:49.929 [main] DEBUG n.processor.TaskPollingMonitor - >>> barrier register (monitor: local)
Apr-20 17:12:49.956 [main] DEBUG nextflow.executor.ExecutorFactory - << taskConfig executor: null
Apr-20 17:12:49.956 [main] DEBUG nextflow.executor.ExecutorFactory - >> processorType: 'local'
Apr-20 17:12:49.958 [main] DEBUG nextflow.Session - Workflow process names [dsl2]: simulateImmuneResponse, predictEpitopes, saveExtractedMutations, assembleVaccine, extractMutations, filterEpitopes
Apr-20 17:12:49.958 [main] DEBUG nextflow.Session - Igniting dataflow network (2)
Apr-20 17:12:49.958 [main] DEBUG nextflow.processor.TaskProcessor - Starting process > extractMutations
Apr-20 17:12:49.958 [main] DEBUG nextflow.processor.TaskProcessor - Starting process > saveExtractedMutations
Apr-20 17:12:49.958 [main] DEBUG nextflow.script.ScriptRunner - Parsed script files:
  Script_c54749d2d6638f41: /Users/putriramadani/Documents/GitHub/in-silico_neoantigen-vaccine/run_pipeline.nf
Apr-20 17:12:49.958 [main] DEBUG nextflow.script.ScriptRunner - > Awaiting termination 
Apr-20 17:12:49.958 [main] DEBUG nextflow.Session - Session await
Apr-20 17:12:50.018 [Task submitter] DEBUG n.executor.local.LocalTaskHandler - Launch cmd line: /bin/bash -ue .command.run
Apr-20 17:12:50.019 [Task submitter] INFO  nextflow.Session - [e9/6bfaa3] Submitted process > extractMutations
Apr-20 17:12:50.126 [Task monitor] DEBUG n.processor.TaskPollingMonitor - Task completed > TaskHandler[id: 1; name: extractMutations; status: COMPLETED; exit: 0; error: -; workDir: /Users/putriramadani/Documents/GitHub/in-silico_neoantigen-vaccine/work/e9/6bfaa35a1a5a4a9fc81ffcd10e7e19]
Apr-20 17:12:50.126 [Task monitor] DEBUG nextflow.util.ThreadPoolBuilder - Creating thread pool 'TaskFinalizer' minSize=10; maxSize=24; workQueue=LinkedBlockingQueue[10000]; allowCoreThreadTimeout=false
Apr-20 17:12:50.138 [Task submitter] DEBUG n.executor.local.LocalTaskHandler - Launch cmd line: /bin/bash -ue .command.run
Apr-20 17:12:50.138 [Task submitter] INFO  nextflow.Session - [2e/9febaf] Submitted process > saveExtractedMutations
Apr-20 17:12:50.149 [Task monitor] DEBUG n.processor.TaskPollingMonitor - Task completed > TaskHandler[id: 2; name: saveExtractedMutations; status: COMPLETED; exit: 0; error: -; workDir: /Users/putriramadani/Documents/GitHub/in-silico_neoantigen-vaccine/work/2e/9febaf55f6ca76d375af3d36810237]
Apr-20 17:12:50.150 [main] DEBUG nextflow.Session - Session await > all processes finished
Apr-20 17:12:50.253 [Task monitor] DEBUG n.processor.TaskPollingMonitor - <<< barrier arrives (monitor: local) - terminating tasks monitor poll loop
Apr-20 17:12:50.253 [main] DEBUG nextflow.Session - Session await > all barriers passed
Apr-20 17:12:50.254 [main] DEBUG nextflow.util.ThreadPoolManager - Thread pool 'TaskFinalizer' shutdown completed (hard=false)
Apr-20 17:12:50.256 [main] DEBUG n.trace.WorkflowStatsObserver - Workflow completed > WorkflowStats[succeededCount=2; failedCount=0; ignoredCount=0; cachedCount=0; pendingCount=0; submittedCount=0; runningCount=0; retriesCount=0; abortedCount=0; succeedDuration=93ms; failedDuration=0ms; cachedDuration=0ms;loadCpus=0; loadMemory=0; peakRunning=1; peakCpus=1; peakMemory=0; ]
Apr-20 17:12:50.415 [main] DEBUG nextflow.cache.CacheDB - Closing CacheDB done
Apr-20 17:12:50.425 [main] DEBUG nextflow.util.ThreadPoolManager - Thread pool 'FileTransfer' shutdown completed (hard=false)
Apr-20 17:12:50.426 [main] DEBUG nextflow.script.ScriptRunner - > Execution complete -- Goodbye
